<?xml version="1.0" encoding="UTF-8"?>
<!-- Generated by org.testng.reporters.JUnitReportReporter -->
<testsuite hostname="Dell-PC" name="tests.TC004" tests="1" failures="0" timestamp="25 Aug 2017 06:49:30 GMT" time="9.172" errors="0">
  <testcase name="mergeLead" time="9.172" classname="tests.TC004"/>
</testsuite> <!-- tests.TC004 -->
