<?xml version="1.0" encoding="UTF-8"?>
<!-- Generated by org.testng.reporters.JUnitReportReporter -->
<testsuite hostname="Dell-PC" name="dataProvider.ExcelDataProvider" tests="1" failures="0" timestamp="26 Aug 2017 05:52:30 GMT" time="0.834" errors="0">
  <testcase name="getDataFromExcelSheet" time="0.834" classname="dataProvider.ExcelDataProvider"/>
</testsuite> <!-- dataProvider.ExcelDataProvider -->
