<?xml version="1.0" encoding="UTF-8"?>
<!-- Generated by org.testng.reporters.JUnitReportReporter -->
<testsuite hostname="Dell-PC" name="reporting.ExtentReport" tests="1" failures="0" timestamp="27 Aug 2017 04:53:53 GMT" time="0.911" errors="0">
  <testcase name="report" time="0.911" classname="reporting.ExtentReport"/>
</testsuite> <!-- reporting.ExtentReport -->
