<?xml version="1.0" encoding="UTF-8"?>
<!-- Generated by org.testng.reporters.JUnitReportReporter -->
<testsuite hostname="Dell-PC" name="pageTests.LoginTestCase" tests="2" failures="0" timestamp="26 Aug 2017 10:34:27 GMT" time="20.535" errors="0">
  <testcase name="Login" time="12.843" classname="pageTests.LoginTestCase"/>
  <testcase name="Login" time="7.692" classname="pageTests.LoginTestCase"/>
</testsuite> <!-- pageTests.LoginTestCase -->
