<?xml version="1.0" encoding="UTF-8"?>
<!-- Generated by org.testng.reporters.JUnitReportReporter -->
<testsuite hostname="Dell-PC" name="tests.TC_003" tests="1" failures="0" timestamp="25 Aug 2017 07:12:44 GMT" time="25.782" errors="0">
  <testcase name="deleteLead" time="25.782" classname="tests.TC_003"/>
</testsuite> <!-- tests.TC_003 -->
